[0m[[0m[0mdebug[0m] [0m[0m> Exec(reload, None, None)[0m
[0m[[0m[0mdebug[0m] [0m[0m> Exec(sbtStashOnFailure, None, None)[0m
[0m[[0m[0mdebug[0m] [0m[0m> Exec(onFailure loadFailed, None, None)[0m
[0m[[0m[0mdebug[0m] [0m[0m> Exec(loadp, None, None)[0m
[0m[[0m[0minfo[0m] [0m[0mwelcome to sbt 1.4.6 (N/A Java 15.0.2)[0m
[0m[[0m[0mdebug[0m] [0m[0m      Load.defaultLoad until apply took 2.626742ms[0m
[0m[[0m[0mdebug[0m] [0m[0m                Load.loadUnit: plugins took 41.217287ms[0m
[0m[[0m[0mdebug[0m] [0m[0m                Load.loadUnit: defsScala took 0.013817ms[0m
[0m[[0m[0mdebug[0m] [0m[0m[Loading] Scanning directory /home/ya/Dev/project/java/scala/learn_scala/FruitsAndLists/project[0m
[0m[[0m[0mdebug[0m] [0m[0m[Loading] Found non-root projects [0m
[0m[[0m[0mdebug[0m] [0m[0m[Loading] Done in /home/ya/Dev/project/java/scala/learn_scala/FruitsAndLists/project, returning: ()[0m
[0m[[0m[0mdebug[0m] [0m[0mdeducing auto plugins based on known facts Set(Atom(sbt.plugins.CorePlugin)) and clauses Clauses(List(Clause(Atom(sbt.plugins.JvmPlugin),Set(Atom(sbt.plugins.IvyPlugin))), Clause(Atom(sbt.ScriptedPlugin),Set(Atom(sbt.plugins.JvmPlugin))), Clause(Atom(sbt.plugins.SbtPlugin),Set(Atom(sbt.ScriptedPlugin))), Clause(Atom(sbt.plugins.SemanticdbPlugin),Set(Atom(sbt.plugins.JvmPlugin))), Clause(Atom(sbt.plugins.JUnitXmlReportPlugin),Set(Atom(sbt.plugins.JvmPlugin))), Clause(Atom(sbt.plugins.MiniDependencyTreePlugin),Set(Atom(sbt.plugins.JvmPlugin))), Clause(Atom(sbt.plugins.CorePlugin),Set(Atom(sbt.plugins.IvyPlugin))), Clause(Atom(sbt.plugins.IvyPlugin),Set(Atom(sbt.plugins.JvmPlugin))), Clause(Atom(sbt.plugins.JvmPlugin),Set(Atom(sbt.plugins.SemanticdbPlugin))), Clause(Atom(sbt.plugins.JvmPlugin),Set(Atom(sbt.plugins.JUnitXmlReportPlugin))), Clause(Atom(sbt.plugins.CorePlugin),Set(Atom(sbt.plugins.Giter8TemplatePlugin))), Clause(Atom(sbt.plugins.JvmPlugin),Set(Atom(sbt.plugins.MiniDependencyTreePlugin)))))[0m
[0m[[0m[0mdebug[0m] [0m[0m  :: deduced result: Matched(sbt.plugins.CorePlugin,sbt.plugins.Giter8TemplatePlugin,sbt.plugins.IvyPlugin,sbt.plugins.JvmPlugin,sbt.plugins.MiniDependencyTreePlugin,sbt.plugins.JUnitXmlReportPlugin,sbt.plugins.SemanticdbPlugin)[0m
[0m[[0m[0mdebug[0m] [0m[0mPlugins.deducer#function took 3.13132 ms[0m
[0m[[0m[0mdebug[0m] [0m[0m                    Load.resolveProject(fruitsandlists-build) took 3.166085ms[0m
[0m[[0m[0mdebug[0m] [0m[0m                  Load.loadTransitive: finalizeProject(Project(id fruitsandlists-build, base: /home/ya/Dev/project/java/scala/learn_scala/FruitsAndLists/project, plugins: List(<none>))) took 7.359047ms[0m
[0m[[0m[0mdebug[0m] [0m[0m[Loading] Done in /home/ya/Dev/project/java/scala/learn_scala/FruitsAndLists/project, returning: (fruitsandlists-build)[0m
[0m[[0m[0mdebug[0m] [0m[0m                Load.loadUnit: loadedProjectsRaw took 11.923938ms[0m
[0m[[0m[0mdebug[0m] [0m[0m                Load.loadUnit: cleanEvalClasses took 0.043225ms[0m
[0m[[0m[0mdebug[0m] [0m[0m              Load.loadUnit(file:/home/ya/Dev/project/java/scala/learn_scala/FruitsAndLists/project/, ...) took 54.475363ms[0m
[0m[[0m[0mdebug[0m] [0m[0m            Load.apply: load took 57.03054ms[0m
[0m[[0m[0mdebug[0m] [0m[0m            Load.apply: resolveProjects took 1.033486ms[0m
[0m[[0m[0mdebug[0m] [0m[0m            Load.apply: finalTransforms took 28.957341ms[0m
[0m[[0m[0mdebug[0m] [0m[0m            Load.apply: config.delegates took 0.703461ms[0m
[0m[[0m[0mdebug[0m] [0m[0m            Load.apply: Def.make(settings)... took 107.97411ms[0m
[0m[[0m[0mdebug[0m] [0m[0m            Load.apply: structureIndex took 50.670834ms[0m
[0m[[0m[0mdebug[0m] [0m[0m            Load.apply: mkStreams took 0.002916ms[0m
[0m[[0m[0minfo[0m] [0m[0mloading project definition from /home/ya/Dev/project/java/scala/learn_scala/FruitsAndLists/project[0m
[0m[[0m[0mdebug[0m] [0m[0mRunning task... Cancel: Signal, check cycles: false, forcegc: true[0m
[0m[[0m[0minfo[0m] [0m[0mcompiling 5 Scala sources to /home/ya/Dev/project/java/scala/learn_scala/FruitsAndLists/project/target/scala-2.12/sbt-1.0/classes ...[0m
[0m[[0m[0minfo[0m] [0m[0mAttempting to fetch org.scala-sbt:compiler-bridge_2.12:1.4.4.[0m
[0m[[0m[0minfo[0m] [0m[0mUpdating [0m
[0m[[0m[0minfo[0m] [0m[0mResolved  dependencies[0m
[0m[[0m[31merror[0m] [0m[0m## Exception when compiling 5 sources to /home/ya/Dev/project/java/scala/learn_scala/FruitsAndLists/project/target/scala-2.12/sbt-1.0/classes[0m
[0m[[0m[31merror[0m] [0m[0msbt.internal.inc.InvalidComponent: The compiler bridge sources CoursierModuleDescriptor(ModuleDescriptorConfiguration(false, None, org.scala-sbt.temp:temp-module-98ec89c315ed408f615fff2c4774286d17323b01:1.4.4:compile, ModuleInfo(temp-module-98ec89c315ed408f615fff2c4774286d17323b01, , None, None, Vector(), , None, None, Vector()), Vector(org.scala-sbt:compiler-bridge_2.12:1.4.4:compile), Vector(), Vector(), , Vector(compile, runtime, test, provided, optional), Some(compile), ConflictManager(latest-revision, *, *)),CoursierConfiguration(Some(sbt.internal.util.ManagedLogger@481cd98d), Vector(public: https://repo1.maven.org/maven2/, FileRepository(local, Patterns(ivyPatterns=Vector(/home/ya/.ivy2/local/[organisation]/[module]/(scala_[scalaVersion]/)(sbt_[sbtVersion]/)([branch]/)[revision]/[type]s/[artifact](-[classifier]).[ext]), artifactPatterns=Vector(/home/ya/.ivy2/local/[organisation]/[module]/(scala_[scalaVersion]/)(sbt_[sbtVersion]/)([branch]/)[revision]/[type]s/[artifact](-[classifier]).[ext]), isMavenCompatible=false, descriptorOptional=false, skipConsistencyCheck=false), FileConfiguration(true, None)), public: https://repo1.maven.org/maven2/, URLRepository(sbt-plugin-releases, Patterns(ivyPatterns=Vector(https://repo.scala-sbt.org/scalasbt/sbt-plugin-releases/[organisation]/[module]/(scala_[scalaVersion]/)(sbt_[sbtVersion]/)([branch]/)[revision]/[type]s/[artifact](-[classifier]).[ext]), artifactPatterns=Vector(https://repo.scala-sbt.org/scalasbt/sbt-plugin-releases/[organisation]/[module]/(scala_[scalaVersion]/)(sbt_[sbtVersion]/)([branch]/)[revision]/[type]s/[artifact](-[classifier]).[ext]), isMavenCompatible=false, descriptorOptional=false, skipConsistencyCheck=false), false), URLRepository(typesafe-alt-ivy-releases, Patterns(ivyPatterns=Vector(https://repo.typesafe.com/typesafe/ivy-releases/[organisation]/[module]/(scala_[scalaVersion]/)(sbt_[sbtVersion]/)([branch]/)[revision]/[type]s/[artifact](-[classifier]).[ext]), artifactPatterns=Vector(https://repo.typesafe.com/typesafe/ivy-releases/[organisation]/[module]/(scala_[scalaVersion]/)(sbt_[sbtVersion]/)([branch]/)[revision]/[type]s/[artifact](-[classifier]).[ext]), isMavenCompatible=false, descriptorOptional=false, skipConsistencyCheck=false), false), sbt-maven-releases: https://repo.scala-sbt.org/scalasbt/maven-releases/, sbt-maven-snapshots: https://repo.scala-sbt.org/scalasbt/maven-snapshots/, URLRepository(typesafe-ivy-releases, Patterns(ivyPatterns=Vector(https://repo.typesafe.com/typesafe/ivy-releases/[organization]/[module]/[revision]/[type]s/[artifact](-[classifier]).[ext]), artifactPatterns=Vector(https://repo.typesafe.com/typesafe/ivy-releases/[organization]/[module]/[revision]/[type]s/[artifact](-[classifier]).[ext]), isMavenCompatible=false, descriptorOptional=false, skipConsistencyCheck=false), false), URLRepository(sbt-ivy-snapshots, Patterns(ivyPatterns=Vector(https://repo.scala-sbt.org/scalasbt/ivy-snapshots/[organization]/[module]/[revision]/[type]s/[artifact](-[classifier]).[ext]), artifactPatterns=Vector(https://repo.scala-sbt.org/scalasbt/ivy-snapshots/[organization]/[module]/[revision]/[type]s/[artifact](-[classifier]).[ext]), isMavenCompatible=false, descriptorOptional=false, skipConsistencyCheck=false), false)), 6, 100, Some(org.scala-lang), Some(2.12.12), Vector(/home/ya/.sbt/boot/scala-2.12.12/lib/scala-library.jar, /home/ya/.sbt/boot/scala-2.12.12/lib/jansi.jar, /home/ya/.sbt/boot/scala-2.12.12/lib/scala-reflect.jar, /home/ya/.sbt/boot/scala-2.12.12/lib/scala-compiler.jar, /home/ya/.sbt/boot/scala-2.12.12/lib/jline.jar, /home/ya/.sbt/boot/scala-2.12.12/lib/scala-xml_2.12.jar), Vector(), Vector((org.scala-sbt,io_2.12), (org.scala-sbt,librarymanagement-core_2.12), (org.scala-sbt,librarymanagement-ivy_2.12), (org.scala-sbt,sbt), (org.scala-sbt,scripted-plugin_2.12), (org.scala-sbt,util-logging_2.12), (org.scala-sbt,util-position_2.12)), Vector(), true, false, Vector(), Vector(), Some(org.scala-lang), Some(2.12.12), Vector(), Vector(), None, Some(/home/ya/.cache/coursier/v1), Some(/home/ya/.ivy2), None, None, Vector(), Vector((Module(Organization(org.scala-sbt), ModuleName(scripted-plugin_2.12), Map()),1.4.6)), Vector((ModuleMatchers(Set(), Set(), true),Relaxed)), true, 0, Some(24 hours), Vector(Some(SHA-1), None), Vector(LocalUpdateChanging, LocalOnly, Update), false, false, false)) could not be retrieved.[0m
[0m[[0m[31merror[0m] [0m[0m[0m
[0m[[0m[31merror[0m] [0m[0m	Note: Unresolved dependencies path:[0m
[0m[[0m[31merror[0m] [0m[0msbt.internal.inc.ZincLMHelper$.update(ZincComponentCompiler.scala:318)[0m
[0m[[0m[31merror[0m] [0m[0msbt.internal.inc.ZincComponentCompiler.$anonfun$compileAndInstall$3(ZincComponentCompiler.scala:274)[0m
[0m[[0m[31merror[0m] [0m[0msbt.internal.inc.ZincComponentCompiler.$anonfun$compileAndInstall$3$adapted(ZincComponentCompiler.scala:267)[0m
[0m[[0m[31merror[0m] [0m[0msbt.io.IO$.withTemporaryDirectory(IO.scala:490)[0m
[0m[[0m[31merror[0m] [0m[0msbt.io.IO$.withTemporaryDirectory(IO.scala:500)[0m
[0m[[0m[31merror[0m] [0m[0msbt.internal.inc.ZincComponentCompiler.$anonfun$compileAndInstall$2(ZincComponentCompiler.scala:267)[0m
[0m[[0m[31merror[0m] [0m[0mscala.runtime.java8.JFunction0$mcV$sp.apply(JFunction0$mcV$sp.java:23)[0m
[0m[[0m[31merror[0m] [0m[0msbt.internal.util.BufferedLogger.bufferQuietly(BufferedLogger.scala:159)[0m
[0m[[0m[31merror[0m] [0m[0msbt.internal.inc.ZincComponentCompiler.$anonfun$compileAndInstall$1(ZincComponentCompiler.scala:267)[0m
[0m[[0m[31merror[0m] [0m[0msbt.internal.inc.ZincComponentCompiler.$anonfun$compileAndInstall$1$adapted(ZincComponentCompiler.scala:264)[0m
[0m[[0m[31merror[0m] [0m[0msbt.io.IO$.withTemporaryDirectory(IO.scala:490)[0m
[0m[[0m[31merror[0m] [0m[0msbt.io.IO$.withTemporaryDirectory(IO.scala:500)[0m
[0m[[0m[31merror[0m] [0m[0msbt.internal.inc.ZincComponentCompiler.compileAndInstall(ZincComponentCompiler.scala:264)[0m
[0m[[0m[31merror[0m] [0m[0msbt.internal.inc.ZincComponentCompiler.$anonfun$compiledBridgeJar$1(ZincComponentCompiler.scala:232)[0m
[0m[[0m[31merror[0m] [0m[0msbt.internal.inc.IfMissing$Define.run(IfMissing.scala:19)[0m
[0m[[0m[31merror[0m] [0m[0msbt.internal.inc.ZincComponentManager.createAndCache$1(ZincComponentManager.scala:49)[0m
[0m[[0m[31merror[0m] [0m[0msbt.internal.inc.ZincComponentManager.$anonfun$files$3(ZincComponentManager.scala:60)[0m
[0m[[0m[31merror[0m] [0m[0msbt.internal.inc.ZincComponentManager.getOrElse$1(ZincComponentManager.scala:42)[0m
[0m[[0m[31merror[0m] [0m[0msbt.internal.inc.ZincComponentManager.$anonfun$files$2(ZincComponentManager.scala:60)[0m
[0m[[0m[31merror[0m] [0m[0msbt.internal.inc.ZincComponentManager$$anon$1.call(ZincComponentManager.scala:89)[0m
[0m[[0m[31merror[0m] [0m[0mxsbt.boot.Locks$GlobalLock.withChannel$1(Locks.scala:95)[0m
[0m[[0m[31merror[0m] [0m[0mxsbt.boot.Locks$GlobalLock.xsbt$boot$Locks$GlobalLock$$withChannelRetries$1(Locks.scala:80)[0m
[0m[[0m[31merror[0m] [0m[0mxsbt.boot.Locks$GlobalLock$$anonfun$withFileLock$1.apply(Locks.scala:99)[0m
[0m[[0m[31merror[0m] [0m[0mxsbt.boot.Using$.withResource(Using.scala:10)[0m
[0m[[0m[31merror[0m] [0m[0mxsbt.boot.Using$.apply(Using.scala:9)[0m
[0m[[0m[31merror[0m] [0m[0mxsbt.boot.Locks$GlobalLock.ignoringDeadlockAvoided(Locks.scala:60)[0m
[0m[[0m[31merror[0m] [0m[0mxsbt.boot.Locks$GlobalLock.withLock(Locks.scala:50)[0m
[0m[[0m[31merror[0m] [0m[0mxsbt.boot.Locks$.apply0(Locks.scala:31)[0m
[0m[[0m[31merror[0m] [0m[0mxsbt.boot.Locks$.apply(Locks.scala:28)[0m
[0m[[0m[31merror[0m] [0m[0msbt.internal.inc.ZincComponentManager.lock(ZincComponentManager.scala:89)[0m
[0m[[0m[31merror[0m] [0m[0msbt.internal.inc.ZincComponentManager.$anonfun$lockSecondaryCache$1(ZincComponentManager.scala:86)[0m
[0m[[0m[31merror[0m] [0m[0mscala.Option.map(Option.scala:230)[0m
[0m[[0m[31merror[0m] [0m[0msbt.internal.inc.ZincComponentManager.lockSecondaryCache(ZincComponentManager.scala:86)[0m
[0m[[0m[31merror[0m] [0m[0msbt.internal.inc.ZincComponentManager.fromSecondary$1(ZincComponentManager.scala:58)[0m
[0m[[0m[31merror[0m] [0m[0msbt.internal.inc.ZincComponentManager.$anonfun$files$6(ZincComponentManager.scala:64)[0m
[0m[[0m[31merror[0m] [0m[0msbt.internal.inc.ZincComponentManager.getOrElse$1(ZincComponentManager.scala:42)[0m
[0m[[0m[31merror[0m] [0m[0msbt.internal.inc.ZincComponentManager.$anonfun$files$5(ZincComponentManager.scala:64)[0m
[0m[[0m[31merror[0m] [0m[0msbt.internal.inc.ZincComponentManager$$anon$1.call(ZincComponentManager.scala:89)[0m
[0m[[0m[31merror[0m] [0m[0mxsbt.boot.Locks$GlobalLock.withChannel$1(Locks.scala:95)[0m
[0m[[0m[31merror[0m] [0m[0mxsbt.boot.Locks$GlobalLock.xsbt$boot$Locks$GlobalLock$$withChannelRetries$1(Locks.scala:80)[0m
[0m[[0m[31merror[0m] [0m[0mxsbt.boot.Locks$GlobalLock$$anonfun$withFileLock$1.apply(Locks.scala:99)[0m
[0m[[0m[31merror[0m] [0m[0mxsbt.boot.Using$.withResource(Using.scala:10)[0m
[0m[[0m[31merror[0m] [0m[0mxsbt.boot.Using$.apply(Using.scala:9)[0m
[0m[[0m[31merror[0m] [0m[0mxsbt.boot.Locks$GlobalLock.ignoringDeadlockAvoided(Locks.scala:60)[0m
[0m[[0m[31merror[0m] [0m[0mxsbt.boot.Locks$GlobalLock.withLock(Locks.scala:50)[0m
[0m[[0m[31merror[0m] [0m[0mxsbt.boot.Locks$.apply0(Locks.scala:31)[0m
[0m[[0m[31merror[0m] [0m[0mxsbt.boot.Locks$.apply(Locks.scala:28)[0m
[0m[[0m[31merror[0m] [0m[0msbt.internal.inc.ZincComponentManager.lock(ZincComponentManager.scala:89)[0m
[0m[[0m[31merror[0m] [0m[0msbt.internal.inc.ZincComponentManager.lockLocalCache(ZincComponentManager.scala:82)[0m
[0m[[0m[31merror[0m] [0m[0msbt.internal.inc.ZincComponentManager.files(ZincComponentManager.scala:64)[0m
[0m[[0m[31merror[0m] [0m[0msbt.internal.inc.ZincComponentManager.file(ZincComponentManager.scala:70)[0m
[0m[[0m[31merror[0m] [0m[0msbt.internal.inc.ZincComponentCompiler.compiledBridgeJar(ZincComponentCompiler.scala:232)[0m
[0m[[0m[31merror[0m] [0m[0msbt.internal.inc.ZincComponentCompiler$ZincCompilerBridgeProvider.compiledBridge(ZincComponentCompiler.scala:76)[0m
[0m[[0m[31merror[0m] [0m[0msbt.internal.inc.ZincComponentCompiler$ZincCompilerBridgeProvider.fetchCompiledBridge(ZincComponentCompiler.scala:82)[0m
[0m[[0m[31merror[0m] [0m[0msbt.internal.inc.AnalyzingCompiler.getLoader(AnalyzingCompiler.scala:342)[0m
[0m[[0m[31merror[0m] [0m[0msbt.internal.inc.AnalyzingCompiler.compile(AnalyzingCompiler.scala:88)[0m
[0m[[0m[31merror[0m] [0m[0msbt.internal.inc.MixedAnalyzingCompiler.$anonfun$compile$7(MixedAnalyzingCompiler.scala:186)[0m
[0m[[0m[31merror[0m] [0m[0mscala.runtime.java8.JFunction0$mcV$sp.apply(JFunction0$mcV$sp.java:23)[0m
[0m[[0m[31merror[0m] [0m[0msbt.internal.inc.MixedAnalyzingCompiler.timed(MixedAnalyzingCompiler.scala:241)[0m
[0m[[0m[31merror[0m] [0m[0msbt.internal.inc.MixedAnalyzingCompiler.$anonfun$compile$4(MixedAnalyzingCompiler.scala:176)[0m
[0m[[0m[31merror[0m] [0m[0msbt.internal.inc.MixedAnalyzingCompiler.$anonfun$compile$4$adapted(MixedAnalyzingCompiler.scala:157)[0m
[0m[[0m[31merror[0m] [0m[0msbt.internal.inc.JarUtils$.withPreviousJar(JarUtils.scala:239)[0m
[0m[[0m[31merror[0m] [0m[0msbt.internal.inc.MixedAnalyzingCompiler.compileScala$1(MixedAnalyzingCompiler.scala:157)[0m
[0m[[0m[31merror[0m] [0m[0msbt.internal.inc.MixedAnalyzingCompiler.compile(MixedAnalyzingCompiler.scala:204)[0m
[0m[[0m[31merror[0m] [0m[0msbt.internal.inc.IncrementalCompilerImpl.$anonfun$compileInternal$1(IncrementalCompilerImpl.scala:573)[0m
[0m[[0m[31merror[0m] [0m[0msbt.internal.inc.IncrementalCompilerImpl.$anonfun$compileInternal$1$adapted(IncrementalCompilerImpl.scala:573)[0m
[0m[[0m[31merror[0m] [0m[0msbt.internal.inc.Incremental$.$anonfun$apply$5(Incremental.scala:174)[0m
[0m[[0m[31merror[0m] [0m[0msbt.internal.inc.Incremental$.$anonfun$apply$5$adapted(Incremental.scala:172)[0m
[0m[[0m[31merror[0m] [0m[0msbt.internal.inc.Incremental$$anon$2.run(Incremental.scala:459)[0m
[0m[[0m[31merror[0m] [0m[0msbt.internal.inc.IncrementalCommon$CycleState.next(IncrementalCommon.scala:116)[0m
[0m[[0m[31merror[0m] [0m[0msbt.internal.inc.IncrementalCommon$$anon$1.next(IncrementalCommon.scala:56)[0m
[0m[[0m[31merror[0m] [0m[0msbt.internal.inc.IncrementalCommon$$anon$1.next(IncrementalCommon.scala:52)[0m
[0m[[0m[31merror[0m] [0m[0msbt.internal.inc.IncrementalCommon.cycle(IncrementalCommon.scala:261)[0m
[0m[[0m[31merror[0m] [0m[0msbt.internal.inc.Incremental$.$anonfun$incrementalCompile$8(Incremental.scala:414)[0m
[0m[[0m[31merror[0m] [0m[0msbt.internal.inc.Incremental$.withClassfileManager(Incremental.scala:499)[0m
[0m[[0m[31merror[0m] [0m[0msbt.internal.inc.Incremental$.incrementalCompile(Incremental.scala:401)[0m
[0m[[0m[31merror[0m] [0m[0msbt.internal.inc.Incremental$.apply(Incremental.scala:166)[0m
[0m[[0m[31merror[0m] [0m[0msbt.internal.inc.IncrementalCompilerImpl.compileInternal(IncrementalCompilerImpl.scala:573)[0m
[0m[[0m[31merror[0m] [0m[0msbt.internal.inc.IncrementalCompilerImpl.$anonfun$compileIncrementally$1(IncrementalCompilerImpl.scala:491)[0m
[0m[[0m[31merror[0m] [0m[0msbt.internal.inc.IncrementalCompilerImpl.handleCompilationError(IncrementalCompilerImpl.scala:332)[0m
[0m[[0m[31merror[0m] [0m[0msbt.internal.inc.IncrementalCompilerImpl.compileIncrementally(IncrementalCompilerImpl.scala:420)[0m
[0m[[0m[31merror[0m] [0m[0msbt.internal.inc.IncrementalCompilerImpl.compile(IncrementalCompilerImpl.scala:137)[0m
[0m[[0m[31merror[0m] [0m[0msbt.Defaults$.compileIncrementalTaskImpl(Defaults.scala:2177)[0m
[0m[[0m[31merror[0m] [0m[0msbt.Defaults$.$anonfun$compileIncrementalTask$2(Defaults.scala:2134)[0m
[0m[[0m[31merror[0m] [0m[0msbt.internal.io.Retry$.apply(Retry.scala:40)[0m
[0m[[0m[31merror[0m] [0m[0msbt.internal.io.Retry$.apply(Retry.scala:23)[0m
[0m[[0m[31merror[0m] [0m[0msbt.internal.server.BspCompileTask$.compute(BspCompileTask.scala:31)[0m
[0m[[0m[31merror[0m] [0m[0msbt.Defaults$.$anonfun$compileIncrementalTask$1(Defaults.scala:2130)[0m
[0m[[0m[31merror[0m] [0m[0mscala.Function1.$anonfun$compose$1(Function1.scala:49)[0m
[0m[[0m[31merror[0m] [0m[0msbt.internal.util.$tilde$greater.$anonfun$$u2219$1(TypeFunctions.scala:62)[0m
[0m[[0m[31merror[0m] [0m[0msbt.std.Transform$$anon$4.work(Transform.scala:68)[0m
[0m[[0m[31merror[0m] [0m[0msbt.Execute.$anonfun$submit$2(Execute.scala:282)[0m
[0m[[0m[31merror[0m] [0m[0msbt.internal.util.ErrorHandling$.wideConvert(ErrorHandling.scala:23)[0m
[0m[[0m[31merror[0m] [0m[0msbt.Execute.work(Execute.scala:291)[0m
[0m[[0m[31merror[0m] [0m[0msbt.Execute.$anonfun$submit$1(Execute.scala:282)[0m
[0m[[0m[31merror[0m] [0m[0msbt.ConcurrentRestrictions$$anon$4.$anonfun$submitValid$1(ConcurrentRestrictions.scala:265)[0m
[0m[[0m[31merror[0m] [0m[0msbt.CompletionService$$anon$2.call(CompletionService.scala:64)[0m
[0m[[0m[31merror[0m] [0m[0mjava.base/java.util.concurrent.FutureTask.run(FutureTask.java:264)[0m
[0m[[0m[31merror[0m] [0m[0mjava.base/java.util.concurrent.Executors$RunnableAdapter.call(Executors.java:515)[0m
[0m[[0m[31merror[0m] [0m[0mjava.base/java.util.concurrent.FutureTask.run(FutureTask.java:264)[0m
[0m[[0m[31merror[0m] [0m[0mjava.base/java.util.concurrent.ThreadPoolExecutor.runWorker(ThreadPoolExecutor.java:1130)[0m
[0m[[0m[31merror[0m] [0m[0mjava.base/java.util.concurrent.ThreadPoolExecutor$Worker.run(ThreadPoolExecutor.java:630)[0m
[0m[[0m[31merror[0m] [0m[0mjava.base/java.lang.Thread.run(Thread.java:832)[0m
[0m[[0m[31merror[0m] [0m[0m           [0m
[0m[[0m[31merror[0m] [0m[0msbt.internal.inc.InvalidComponent: The compiler bridge sources CoursierModuleDescriptor(ModuleDescriptorConfiguration(false, None, org.scala-sbt.temp:temp-module-98ec89c315ed408f615fff2c4774286d17323b01:1.4.4:compile, ModuleInfo(temp-module-98ec89c315ed408f615fff2c4774286d17323b01, , None, None, Vector(), , None, None, Vector()), Vector(org.scala-sbt:compiler-bridge_2.12:1.4.4:compile), Vector(), Vector(), , Vector(compile, runtime, test, provided, optional), Some(compile), ConflictManager(latest-revision, *, *)),CoursierConfiguration(Some(sbt.internal.util.ManagedLogger@481cd98d), Vector(public: https://repo1.maven.org/maven2/, FileRepository(local, Patterns(ivyPatterns=Vector(/home/ya/.ivy2/local/[organisation]/[module]/(scala_[scalaVersion]/)(sbt_[sbtVersion]/)([branch]/)[revision]/[type]s/[artifact](-[classifier]).[ext]), artifactPatterns=Vector(/home/ya/.ivy2/local/[organisation]/[module]/(scala_[scalaVersion]/)(sbt_[sbtVersion]/)([branch]/)[revision]/[type]s/[artifact](-[classifier]).[ext]), isMavenCompatible=false, descriptorOptional=false, skipConsistencyCheck=false), FileConfiguration(true, None)), public: https://repo1.maven.org/maven2/, URLRepository(sbt-plugin-releases, Patterns(ivyPatterns=Vector(https://repo.scala-sbt.org/scalasbt/sbt-plugin-releases/[organisation]/[module]/(scala_[scalaVersion]/)(sbt_[sbtVersion]/)([branch]/)[revision]/[type]s/[artifact](-[classifier]).[ext]), artifactPatterns=Vector(https://repo.scala-sbt.org/scalasbt/sbt-plugin-releases/[organisation]/[module]/(scala_[scalaVersion]/)(sbt_[sbtVersion]/)([branch]/)[revision]/[type]s/[artifact](-[classifier]).[ext]), isMavenCompatible=false, descriptorOptional=false, skipConsistencyCheck=false), false), URLRepository(typesafe-alt-ivy-releases, Patterns(ivyPatterns=Vector(https://repo.typesafe.com/typesafe/ivy-releases/[organisation]/[module]/(scala_[scalaVersion]/)(sbt_[sbtVersion]/)([branch]/)[revision]/[type]s/[artifact](-[classifier]).[ext]), artifactPatterns=Vector(https://repo.typesafe.com/typesafe/ivy-releases/[organisation]/[module]/(scala_[scalaVersion]/)(sbt_[sbtVersion]/)([branch]/)[revision]/[type]s/[artifact](-[classifier]).[ext]), isMavenCompatible=false, descriptorOptional=false, skipConsistencyCheck=false), false), sbt-maven-releases: https://repo.scala-sbt.org/scalasbt/maven-releases/, sbt-maven-snapshots: https://repo.scala-sbt.org/scalasbt/maven-snapshots/, URLRepository(typesafe-ivy-releases, Patterns(ivyPatterns=Vector(https://repo.typesafe.com/typesafe/ivy-releases/[organization]/[module]/[revision]/[type]s/[artifact](-[classifier]).[ext]), artifactPatterns=Vector(https://repo.typesafe.com/typesafe/ivy-releases/[organization]/[module]/[revision]/[type]s/[artifact](-[classifier]).[ext]), isMavenCompatible=false, descriptorOptional=false, skipConsistencyCheck=false), false), URLRepository(sbt-ivy-snapshots, Patterns(ivyPatterns=Vector(https://repo.scala-sbt.org/scalasbt/ivy-snapshots/[organization]/[module]/[revision]/[type]s/[artifact](-[classifier]).[ext]), artifactPatterns=Vector(https://repo.scala-sbt.org/scalasbt/ivy-snapshots/[organization]/[module]/[revision]/[type]s/[artifact](-[classifier]).[ext]), isMavenCompatible=false, descriptorOptional=false, skipConsistencyCheck=false), false)), 6, 100, Some(org.scala-lang), Some(2.12.12), Vector(/home/ya/.sbt/boot/scala-2.12.12/lib/scala-library.jar, /home/ya/.sbt/boot/scala-2.12.12/lib/jansi.jar, /home/ya/.sbt/boot/scala-2.12.12/lib/scala-reflect.jar, /home/ya/.sbt/boot/scala-2.12.12/lib/scala-compiler.jar, /home/ya/.sbt/boot/scala-2.12.12/lib/jline.jar, /home/ya/.sbt/boot/scala-2.12.12/lib/scala-xml_2.12.jar), Vector(), Vector((org.scala-sbt,io_2.12), (org.scala-sbt,librarymanagement-core_2.12), (org.scala-sbt,librarymanagement-ivy_2.12), (org.scala-sbt,sbt), (org.scala-sbt,scripted-plugin_2.12), (org.scala-sbt,util-logging_2.12), (org.scala-sbt,util-position_2.12)), Vector(), true, false, Vector(), Vector(), Some(org.scala-lang), Some(2.12.12), Vector(), Vector(), None, Some(/home/ya/.cache/coursier/v1), Some(/home/ya/.ivy2), None, None, Vector(), Vector((Module(Organization(org.scala-sbt), ModuleName(scripted-plugin_2.12), Map()),1.4.6)), Vector((ModuleMatchers(Set(), Set(), true),Relaxed)), true, 0, Some(24 hours), Vector(Some(SHA-1), None), Vector(LocalUpdateChanging, LocalOnly, Update), false, false, false)) could not be retrieved.[0m
[0m[[0m[31merror[0m] [0m[0m[0m
[0m[[0m[31merror[0m] [0m[0m	Note: Unresolved dependencies path:[0m
[0m[[0m[31merror[0m] [0m[0m	at sbt.internal.inc.ZincLMHelper$.update(ZincComponentCompiler.scala:318)[0m
[0m[[0m[31merror[0m] [0m[0m	at sbt.internal.inc.ZincComponentCompiler.$anonfun$compileAndInstall$3(ZincComponentCompiler.scala:274)[0m
[0m[[0m[31merror[0m] [0m[0m	at sbt.internal.inc.ZincComponentCompiler.$anonfun$compileAndInstall$3$adapted(ZincComponentCompiler.scala:267)[0m
[0m[[0m[31merror[0m] [0m[0m	at sbt.io.IO$.withTemporaryDirectory(IO.scala:490)[0m
[0m[[0m[31merror[0m] [0m[0m	at sbt.io.IO$.withTemporaryDirectory(IO.scala:500)[0m
[0m[[0m[31merror[0m] [0m[0m	at sbt.internal.inc.ZincComponentCompiler.$anonfun$compileAndInstall$2(ZincComponentCompiler.scala:267)[0m
[0m[[0m[31merror[0m] [0m[0m	at scala.runtime.java8.JFunction0$mcV$sp.apply(JFunction0$mcV$sp.java:23)[0m
[0m[[0m[31merror[0m] [0m[0m	at sbt.internal.util.BufferedLogger.bufferQuietly(BufferedLogger.scala:159)[0m
[0m[[0m[31merror[0m] [0m[0m	at sbt.internal.inc.ZincComponentCompiler.$anonfun$compileAndInstall$1(ZincComponentCompiler.scala:267)[0m
[0m[[0m[31merror[0m] [0m[0m	at sbt.internal.inc.ZincComponentCompiler.$anonfun$compileAndInstall$1$adapted(ZincComponentCompiler.scala:264)[0m
[0m[[0m[31merror[0m] [0m[0m	at sbt.io.IO$.withTemporaryDirectory(IO.scala:490)[0m
[0m[[0m[31merror[0m] [0m[0m	at sbt.io.IO$.withTemporaryDirectory(IO.scala:500)[0m
[0m[[0m[31merror[0m] [0m[0m	at sbt.internal.inc.ZincComponentCompiler.compileAndInstall(ZincComponentCompiler.scala:264)[0m
[0m[[0m[31merror[0m] [0m[0m	at sbt.internal.inc.ZincComponentCompiler.$anonfun$compiledBridgeJar$1(ZincComponentCompiler.scala:232)[0m
[0m[[0m[31merror[0m] [0m[0m	at sbt.internal.inc.IfMissing$Define.run(IfMissing.scala:19)[0m
[0m[[0m[31merror[0m] [0m[0m	at sbt.internal.inc.ZincComponentManager.createAndCache$1(ZincComponentManager.scala:49)[0m
[0m[[0m[31merror[0m] [0m[0m	at sbt.internal.inc.ZincComponentManager.$anonfun$files$3(ZincComponentManager.scala:60)[0m
[0m[[0m[31merror[0m] [0m[0m	at sbt.internal.inc.ZincComponentManager.getOrElse$1(ZincComponentManager.scala:42)[0m
[0m[[0m[31merror[0m] [0m[0m	at sbt.internal.inc.ZincComponentManager.$anonfun$files$2(ZincComponentManager.scala:60)[0m
[0m[[0m[31merror[0m] [0m[0m	at sbt.internal.inc.ZincComponentManager$$anon$1.call(ZincComponentManager.scala:89)[0m
[0m[[0m[31merror[0m] [0m[0m	at xsbt.boot.Locks$GlobalLock.withChannel$1(Locks.scala:95)[0m
[0m[[0m[31merror[0m] [0m[0m	at xsbt.boot.Locks$GlobalLock.xsbt$boot$Locks$GlobalLock$$withChannelRetries$1(Locks.scala:80)[0m
[0m[[0m[31merror[0m] [0m[0m	at xsbt.boot.Locks$GlobalLock$$anonfun$withFileLock$1.apply(Locks.scala:99)[0m
[0m[[0m[31merror[0m] [0m[0m	at xsbt.boot.Using$.withResource(Using.scala:10)[0m
[0m[[0m[31merror[0m] [0m[0m	at xsbt.boot.Using$.apply(Using.scala:9)[0m
[0m[[0m[31merror[0m] [0m[0m	at xsbt.boot.Locks$GlobalLock.ignoringDeadlockAvoided(Locks.scala:60)[0m
[0m[[0m[31merror[0m] [0m[0m	at xsbt.boot.Locks$GlobalLock.withLock(Locks.scala:50)[0m
[0m[[0m[31merror[0m] [0m[0m	at xsbt.boot.Locks$.apply0(Locks.scala:31)[0m
[0m[[0m[31merror[0m] [0m[0m	at xsbt.boot.Locks$.apply(Locks.scala:28)[0m
[0m[[0m[31merror[0m] [0m[0m	at sbt.internal.inc.ZincComponentManager.lock(ZincComponentManager.scala:89)[0m
[0m[[0m[31merror[0m] [0m[0m	at sbt.internal.inc.ZincComponentManager.$anonfun$lockSecondaryCache$1(ZincComponentManager.scala:86)[0m
[0m[[0m[31merror[0m] [0m[0m	at scala.Option.map(Option.scala:230)[0m
[0m[[0m[31merror[0m] [0m[0m	at sbt.internal.inc.ZincComponentManager.lockSecondaryCache(ZincComponentManager.scala:86)[0m
[0m[[0m[31merror[0m] [0m[0m	at sbt.internal.inc.ZincComponentManager.fromSecondary$1(ZincComponentManager.scala:58)[0m
[0m[[0m[31merror[0m] [0m[0m	at sbt.internal.inc.ZincComponentManager.$anonfun$files$6(ZincComponentManager.scala:64)[0m
[0m[[0m[31merror[0m] [0m[0m	at sbt.internal.inc.ZincComponentManager.getOrElse$1(ZincComponentManager.scala:42)[0m
[0m[[0m[31merror[0m] [0m[0m	at sbt.internal.inc.ZincComponentManager.$anonfun$files$5(ZincComponentManager.scala:64)[0m
[0m[[0m[31merror[0m] [0m[0m	at sbt.internal.inc.ZincComponentManager$$anon$1.call(ZincComponentManager.scala:89)[0m
[0m[[0m[31merror[0m] [0m[0m	at xsbt.boot.Locks$GlobalLock.withChannel$1(Locks.scala:95)[0m
[0m[[0m[31merror[0m] [0m[0m	at xsbt.boot.Locks$GlobalLock.xsbt$boot$Locks$GlobalLock$$withChannelRetries$1(Locks.scala:80)[0m
[0m[[0m[31merror[0m] [0m[0m	at xsbt.boot.Locks$GlobalLock$$anonfun$withFileLock$1.apply(Locks.scala:99)[0m
[0m[[0m[31merror[0m] [0m[0m	at xsbt.boot.Using$.withResource(Using.scala:10)[0m
[0m[[0m[31merror[0m] [0m[0m	at xsbt.boot.Using$.apply(Using.scala:9)[0m
[0m[[0m[31merror[0m] [0m[0m	at xsbt.boot.Locks$GlobalLock.ignoringDeadlockAvoided(Locks.scala:60)[0m
[0m[[0m[31merror[0m] [0m[0m	at xsbt.boot.Locks$GlobalLock.withLock(Locks.scala:50)[0m
[0m[[0m[31merror[0m] [0m[0m	at xsbt.boot.Locks$.apply0(Locks.scala:31)[0m
[0m[[0m[31merror[0m] [0m[0m	at xsbt.boot.Locks$.apply(Locks.scala:28)[0m
[0m[[0m[31merror[0m] [0m[0m	at sbt.internal.inc.ZincComponentManager.lock(ZincComponentManager.scala:89)[0m
[0m[[0m[31merror[0m] [0m[0m	at sbt.internal.inc.ZincComponentManager.lockLocalCache(ZincComponentManager.scala:82)[0m
[0m[[0m[31merror[0m] [0m[0m	at sbt.internal.inc.ZincComponentManager.files(ZincComponentManager.scala:64)[0m
[0m[[0m[31merror[0m] [0m[0m	at sbt.internal.inc.ZincComponentManager.file(ZincComponentManager.scala:70)[0m
[0m[[0m[31merror[0m] [0m[0m	at sbt.internal.inc.ZincComponentCompiler.compiledBridgeJar(ZincComponentCompiler.scala:232)[0m
[0m[[0m[31merror[0m] [0m[0m	at sbt.internal.inc.ZincComponentCompiler$ZincCompilerBridgeProvider.compiledBridge(ZincComponentCompiler.scala:76)[0m
[0m[[0m[31merror[0m] [0m[0m	at sbt.internal.inc.ZincComponentCompiler$ZincCompilerBridgeProvider.fetchCompiledBridge(ZincComponentCompiler.scala:82)[0m
[0m[[0m[31merror[0m] [0m[0m	at sbt.internal.inc.AnalyzingCompiler.getLoader(AnalyzingCompiler.scala:342)[0m
[0m[[0m[31merror[0m] [0m[0m	at sbt.internal.inc.AnalyzingCompiler.compile(AnalyzingCompiler.scala:88)[0m
[0m[[0m[31merror[0m] [0m[0m	at sbt.internal.inc.MixedAnalyzingCompiler.$anonfun$compile$7(MixedAnalyzingCompiler.scala:186)[0m
[0m[[0m[31merror[0m] [0m[0m	at scala.runtime.java8.JFunction0$mcV$sp.apply(JFunction0$mcV$sp.java:23)[0m
[0m[[0m[31merror[0m] [0m[0m	at sbt.internal.inc.MixedAnalyzingCompiler.timed(MixedAnalyzingCompiler.scala:241)[0m
[0m[[0m[31merror[0m] [0m[0m	at sbt.internal.inc.MixedAnalyzingCompiler.$anonfun$compile$4(MixedAnalyzingCompiler.scala:176)[0m
[0m[[0m[31merror[0m] [0m[0m	at sbt.internal.inc.MixedAnalyzingCompiler.$anonfun$compile$4$adapted(MixedAnalyzingCompiler.scala:157)[0m
[0m[[0m[31merror[0m] [0m[0m	at sbt.internal.inc.JarUtils$.withPreviousJar(JarUtils.scala:239)[0m
[0m[[0m[31merror[0m] [0m[0m	at sbt.internal.inc.MixedAnalyzingCompiler.compileScala$1(MixedAnalyzingCompiler.scala:157)[0m
[0m[[0m[31merror[0m] [0m[0m	at sbt.internal.inc.MixedAnalyzingCompiler.compile(MixedAnalyzingCompiler.scala:204)[0m
[0m[[0m[31merror[0m] [0m[0m	at sbt.internal.inc.IncrementalCompilerImpl.$anonfun$compileInternal$1(IncrementalCompilerImpl.scala:573)[0m
[0m[[0m[31merror[0m] [0m[0m	at sbt.internal.inc.IncrementalCompilerImpl.$anonfun$compileInternal$1$adapted(IncrementalCompilerImpl.scala:573)[0m
[0m[[0m[31merror[0m] [0m[0m	at sbt.internal.inc.Incremental$.$anonfun$apply$5(Incremental.scala:174)[0m
[0m[[0m[31merror[0m] [0m[0m	at sbt.internal.inc.Incremental$.$anonfun$apply$5$adapted(Incremental.scala:172)[0m
[0m[[0m[31merror[0m] [0m[0m	at sbt.internal.inc.Incremental$$anon$2.run(Incremental.scala:459)[0m
[0m[[0m[31merror[0m] [0m[0m	at sbt.internal.inc.IncrementalCommon$CycleState.next(IncrementalCommon.scala:116)[0m
[0m[[0m[31merror[0m] [0m[0m	at sbt.internal.inc.IncrementalCommon$$anon$1.next(IncrementalCommon.scala:56)[0m
[0m[[0m[31merror[0m] [0m[0m	at sbt.internal.inc.IncrementalCommon$$anon$1.next(IncrementalCommon.scala:52)[0m
[0m[[0m[31merror[0m] [0m[0m	at sbt.internal.inc.IncrementalCommon.cycle(IncrementalCommon.scala:261)[0m
[0m[[0m[31merror[0m] [0m[0m	at sbt.internal.inc.Incremental$.$anonfun$incrementalCompile$8(Incremental.scala:414)[0m
[0m[[0m[31merror[0m] [0m[0m	at sbt.internal.inc.Incremental$.withClassfileManager(Incremental.scala:499)[0m
[0m[[0m[31merror[0m] [0m[0m	at sbt.internal.inc.Incremental$.incrementalCompile(Incremental.scala:401)[0m
[0m[[0m[31merror[0m] [0m[0m	at sbt.internal.inc.Incremental$.apply(Incremental.scala:166)[0m
[0m[[0m[31merror[0m] [0m[0m	at sbt.internal.inc.IncrementalCompilerImpl.compileInternal(IncrementalCompilerImpl.scala:573)[0m
[0m[[0m[31merror[0m] [0m[0m	at sbt.internal.inc.IncrementalCompilerImpl.$anonfun$compileIncrementally$1(IncrementalCompilerImpl.scala:491)[0m
[0m[[0m[31merror[0m] [0m[0m	at sbt.internal.inc.IncrementalCompilerImpl.handleCompilationError(IncrementalCompilerImpl.scala:332)[0m
[0m[[0m[31merror[0m] [0m[0m	at sbt.internal.inc.IncrementalCompilerImpl.compileIncrementally(IncrementalCompilerImpl.scala:420)[0m
[0m[[0m[31merror[0m] [0m[0m	at sbt.internal.inc.IncrementalCompilerImpl.compile(IncrementalCompilerImpl.scala:137)[0m
[0m[[0m[31merror[0m] [0m[0m	at sbt.Defaults$.compileIncrementalTaskImpl(Defaults.scala:2177)[0m
[0m[[0m[31merror[0m] [0m[0m	at sbt.Defaults$.$anonfun$compileIncrementalTask$2(Defaults.scala:2134)[0m
[0m[[0m[31merror[0m] [0m[0m	at sbt.internal.io.Retry$.apply(Retry.scala:40)[0m
[0m[[0m[31merror[0m] [0m[0m	at sbt.internal.io.Retry$.apply(Retry.scala:23)[0m
[0m[[0m[31merror[0m] [0m[0m	at sbt.internal.server.BspCompileTask$.compute(BspCompileTask.scala:31)[0m
[0m[[0m[31merror[0m] [0m[0m	at sbt.Defaults$.$anonfun$compileIncrementalTask$1(Defaults.scala:2130)[0m
[0m[[0m[31merror[0m] [0m[0m	at scala.Function1.$anonfun$compose$1(Function1.scala:49)[0m
[0m[[0m[31merror[0m] [0m[0m	at sbt.internal.util.$tilde$greater.$anonfun$$u2219$1(TypeFunctions.scala:62)[0m
[0m[[0m[31merror[0m] [0m[0m	at sbt.std.Transform$$anon$4.work(Transform.scala:68)[0m
[0m[[0m[31merror[0m] [0m[0m	at sbt.Execute.$anonfun$submit$2(Execute.scala:282)[0m
[0m[[0m[31merror[0m] [0m[0m	at sbt.internal.util.ErrorHandling$.wideConvert(ErrorHandling.scala:23)[0m
[0m[[0m[31merror[0m] [0m[0m	at sbt.Execute.work(Execute.scala:291)[0m
[0m[[0m[31merror[0m] [0m[0m	at sbt.Execute.$anonfun$submit$1(Execute.scala:282)[0m
[0m[[0m[31merror[0m] [0m[0m	at sbt.ConcurrentRestrictions$$anon$4.$anonfun$submitValid$1(ConcurrentRestrictions.scala:265)[0m
[0m[[0m[31merror[0m] [0m[0m	at sbt.CompletionService$$anon$2.call(CompletionService.scala:64)[0m
[0m[[0m[31merror[0m] [0m[0m	at java.base/java.util.concurrent.FutureTask.run(FutureTask.java:264)[0m
[0m[[0m[31merror[0m] [0m[0m	at java.base/java.util.concurrent.Executors$RunnableAdapter.call(Executors.java:515)[0m
[0m[[0m[31merror[0m] [0m[0m	at java.base/java.util.concurrent.FutureTask.run(FutureTask.java:264)[0m
[0m[[0m[31merror[0m] [0m[0m	at java.base/java.util.concurrent.ThreadPoolExecutor.runWorker(ThreadPoolExecutor.java:1130)[0m
[0m[[0m[31merror[0m] [0m[0m	at java.base/java.util.concurrent.ThreadPoolExecutor$Worker.run(ThreadPoolExecutor.java:630)[0m
[0m[[0m[31merror[0m] [0m[0m	at java.base/java.lang.Thread.run(Thread.java:832)[0m
[0m[[0m[31merror[0m] [0m[0m(Compile / [31mcompileIncremental[0m) sbt.internal.inc.InvalidComponent: The compiler bridge sources CoursierModuleDescriptor(ModuleDescriptorConfiguration(false, None, org.scala-sbt.temp:temp-module-98ec89c315ed408f615fff2c4774286d17323b01:1.4.4:compile, ModuleInfo(temp-module-98ec89c315ed408f615fff2c4774286d17323b01, , None, None, Vector(), , None, None, Vector()), Vector(org.scala-sbt:compiler-bridge_2.12:1.4.4:compile), Vector(), Vector(), , Vector(compile, runtime, test, provided, optional), Some(compile), ConflictManager(latest-revision, *, *)),CoursierConfiguration(Some(sbt.internal.util.ManagedLogger@481cd98d), Vector(public: https://repo1.maven.org/maven2/, FileRepository(local, Patterns(ivyPatterns=Vector(/home/ya/.ivy2/local/[organisation]/[module]/(scala_[scalaVersion]/)(sbt_[sbtVersion]/)([branch]/)[revision]/[type]s/[artifact](-[classifier]).[ext]), artifactPatterns=Vector(/home/ya/.ivy2/local/[organisation]/[module]/(scala_[scalaVersion]/)(sbt_[sbtVersion]/)([branch]/)[revision]/[type]s/[artifact](-[classifier]).[ext]), isMavenCompatible=false, descriptorOptional=false, skipConsistencyCheck=false), FileConfiguration(true, None)), public: https://repo1.maven.org/maven2/, URLRepository(sbt-plugin-releases, Patterns(ivyPatterns=Vector(https://repo.scala-sbt.org/scalasbt/sbt-plugin-releases/[organisation]/[module]/(scala_[scalaVersion]/)(sbt_[sbtVersion]/)([branch]/)[revision]/[type]s/[artifact](-[classifier]).[ext]), artifactPatterns=Vector(https://repo.scala-sbt.org/scalasbt/sbt-plugin-releases/[organisation]/[module]/(scala_[scalaVersion]/)(sbt_[sbtVersion]/)([branch]/)[revision]/[type]s/[artifact](-[classifier]).[ext]), isMavenCompatible=false, descriptorOptional=false, skipConsistencyCheck=false), false), URLRepository(typesafe-alt-ivy-releases, Patterns(ivyPatterns=Vector(https://repo.typesafe.com/typesafe/ivy-releases/[organisation]/[module]/(scala_[scalaVersion]/)(sbt_[sbtVersion]/)([branch]/)[revision]/[type]s/[artifact](-[classifier]).[ext]), artifactPatterns=Vector(https://repo.typesafe.com/typesafe/ivy-releases/[organisation]/[module]/(scala_[scalaVersion]/)(sbt_[sbtVersion]/)([branch]/)[revision]/[type]s/[artifact](-[classifier]).[ext]), isMavenCompatible=false, descriptorOptional=false, skipConsistencyCheck=false), false), sbt-maven-releases: https://repo.scala-sbt.org/scalasbt/maven-releases/, sbt-maven-snapshots: https://repo.scala-sbt.org/scalasbt/maven-snapshots/, URLRepository(typesafe-ivy-releases, Patterns(ivyPatterns=Vector(https://repo.typesafe.com/typesafe/ivy-releases/[organization]/[module]/[revision]/[type]s/[artifact](-[classifier]).[ext]), artifactPatterns=Vector(https://repo.typesafe.com/typesafe/ivy-releases/[organization]/[module]/[revision]/[type]s/[artifact](-[classifier]).[ext]), isMavenCompatible=false, descriptorOptional=false, skipConsistencyCheck=false), false), URLRepository(sbt-ivy-snapshots, Patterns(ivyPatterns=Vector(https://repo.scala-sbt.org/scalasbt/ivy-snapshots/[organization]/[module]/[revision]/[type]s/[artifact](-[classifier]).[ext]), artifactPatterns=Vector(https://repo.scala-sbt.org/scalasbt/ivy-snapshots/[organization]/[module]/[revision]/[type]s/[artifact](-[classifier]).[ext]), isMavenCompatible=false, descriptorOptional=false, skipConsistencyCheck=false), false)), 6, 100, Some(org.scala-lang), Some(2.12.12), Vector(/home/ya/.sbt/boot/scala-2.12.12/lib/scala-library.jar, /home/ya/.sbt/boot/scala-2.12.12/lib/jansi.jar, /home/ya/.sbt/boot/scala-2.12.12/lib/scala-reflect.jar, /home/ya/.sbt/boot/scala-2.12.12/lib/scala-compiler.jar, /home/ya/.sbt/boot/scala-2.12.12/lib/jline.jar, /home/ya/.sbt/boot/scala-2.12.12/lib/scala-xml_2.12.jar), Vector(), Vector((org.scala-sbt,io_2.12), (org.scala-sbt,librarymanagement-core_2.12), (org.scala-sbt,librarymanagement-ivy_2.12), (org.scala-sbt,sbt), (org.scala-sbt,scripted-plugin_2.12), (org.scala-sbt,util-logging_2.12), (org.scala-sbt,util-position_2.12)), Vector(), true, false, Vector(), Vector(), Some(org.scala-lang), Some(2.12.12), Vector(), Vector(), None, Some(/home/ya/.cache/coursier/v1), Some(/home/ya/.ivy2), None, None, Vector(), Vector((Module(Organization(org.scala-sbt), ModuleName(scripted-plugin_2.12), Map()),1.4.6)), Vector((ModuleMatchers(Set(), Set(), true),Relaxed)), true, 0, Some(24 hours), Vector(Some(SHA-1), None), Vector(LocalUpdateChanging, LocalOnly, Update), false, false, false)) could not be retrieved.[0m
[0m[[0m[31merror[0m] [0m[0m[0m
[0m[[0m[31merror[0m] [0m[0m	Note: Unresolved dependencies path:[0m
[0m[[0m[0mdebug[0m] [0m[0m> Exec(loadFailed, None, None)[0m
[0m[[0m[33mwarn[0m] [0m[0mProject loading failed: (r)etry, (q)uit, (l)ast, or (i)gnore? (default: r)[0m
